app/build/intermediates/manifest_merge_blame_file/debug/manifest-merger-blame-debug-report.txt
1<?xml version="1.0" encoding="utf-8"?>
2<manifest xmlns:android="http://schemas.android.com/apk/res/android"
3    package="com.simpleprintdemo"
4    android:versionCode="1"
5    android:versionName="1.0" >
6
7    <uses-sdk
8        android:minSdkVersion="22"
8-->src\main\AndroidManifest.xml
9        android:targetSdkVersion="33" />
9-->src\main\AndroidManifest.xml
10
11    <permission android:name="com.zebra.simpleprintdemo.USB_PERMISSION" />
11-->src\main\AndroidManifest.xml:5:5-75
11-->src\main\AndroidManifest.xml:5:17-72
12
13    <uses-feature android:name="android.hardware.usb.accessory" />
13-->src\main\AndroidManifest.xml:6:5-67
13-->src\main\AndroidManifest.xml:6:19-64
14    <uses-feature android:name="android.hardware.usb.host" />
14-->src\main\AndroidManifest.xml:7:5-62
14-->src\main\AndroidManifest.xml:7:19-59
15
16    <uses-permission android:name="android.permission.INTERNET" />
16-->src\main\AndroidManifest.xml:9:5-67
16-->src\main\AndroidManifest.xml:9:22-64
17    <uses-permission
17-->src\main\AndroidManifest.xml:10:5-95
18        android:name="android.permission.BLUETOOTH"
18-->src\main\AndroidManifest.xml:10:22-65
19        android:maxSdkVersion="30" />
19-->src\main\AndroidManifest.xml:10:66-92
20    <uses-permission
20-->src\main\AndroidManifest.xml:11:5-102
21        android:name="android.permission.BLUETOOTH_ADMIN"
21-->src\main\AndroidManifest.xml:11:22-71
22        android:maxSdkVersion="30" />
22-->src\main\AndroidManifest.xml:11:73-99
23    <uses-permission android:name="android.permission.BLUETOOTH_CONNECT" />
23-->src\main\AndroidManifest.xml:13:5-76
23-->src\main\AndroidManifest.xml:13:22-73
24    <uses-permission
24-->src\main\AndroidManifest.xml:14:5-120
25        android:name="android.permission.BLUETOOTH_SCAN"
25-->src\main\AndroidManifest.xml:14:22-70
26        android:usesPermissionFlags="neverForLocation" />
26-->src\main\AndroidManifest.xml:14:71-117
27    <uses-permission android:name="android.permission.ACCESS_BACKGROUND_LOCATION" />
27-->src\main\AndroidManifest.xml:14:120-200
27-->src\main\AndroidManifest.xml:14:137-197
28    <uses-permission android:name="android.permission.ACCESS_BACKGROUND_LOCATION" />
28-->src\main\AndroidManifest.xml:14:120-200
28-->src\main\AndroidManifest.xml:14:137-197
29
30    <application
30-->src\main\AndroidManifest.xml:18:5-41:19
31        android:allowBackup="true"
31-->src\main\AndroidManifest.xml:19:9-35
32        android:appComponentFactory="androidx.core.app.CoreComponentFactory"
32-->[androidx.core:core:1.5.0] AndroidManifest.xml:24:18-86
33        android:debuggable="true"
34        android:icon="@drawable/ic_launcher"
34-->src\main\AndroidManifest.xml:20:9-45
35        android:label="@string/app_name"
35-->src\main\AndroidManifest.xml:21:9-41
36        android:testOnly="true"
37        android:theme="@style/AppTheme" >
37-->src\main\AndroidManifest.xml:22:9-40
38        <activity
38-->src\main\AndroidManifest.xml:24:9-39:20
39            android:name="com.simpleprintdemo.activity.MainActivity"
39-->src\main\AndroidManifest.xml:25:13-69
40            android:exported="true"
40-->src\main\AndroidManifest.xml:28:13-36
41            android:label="@string/app_name"
41-->src\main\AndroidManifest.xml:26:13-45
42            android:screenOrientation="portrait" >
42-->src\main\AndroidManifest.xml:27:13-49
43            <intent-filter>
43-->src\main\AndroidManifest.xml:29:13-34:29
44                <action android:name="android.intent.action.MAIN" />
44-->src\main\AndroidManifest.xml:30:17-69
44-->src\main\AndroidManifest.xml:30:25-66
45
46                <category android:name="android.intent.category.LAUNCHER" />
46-->src\main\AndroidManifest.xml:31:17-77
46-->src\main\AndroidManifest.xml:31:27-74
47
48                <action android:name="android.hardware.usb.action.USB_DEVICE_ATTACHED" />
48-->src\main\AndroidManifest.xml:32:17-90
48-->src\main\AndroidManifest.xml:32:25-87
49                <action android:name="android.hardware.usb.action.USB_DEVICE_DETACHED" />
49-->src\main\AndroidManifest.xml:33:17-90
49-->src\main\AndroidManifest.xml:33:25-87
50            </intent-filter>
51
52            <meta-data
52-->src\main\AndroidManifest.xml:36:13-38:57
53                android:name="android.hardware.usb.action.USB_ACCESSORY_ATTACHED"
53-->src\main\AndroidManifest.xml:37:17-82
54                android:resource="@xml/device_filter" />
54-->src\main\AndroidManifest.xml:38:17-54
55        </activity>
56    </application>
57
58</manifest>